<?xml version="1.0" encoding="utf-8" standalone="no"?>
<!--This file represents the results of running a test suite-->
<test-results name="D:\IHA\4. Semester\I4PRJ4\Design og implementering\Implementering\ItemList\SmartFridge.Tests.Unit\SmartFridge.Tests.Unit.nunit" total="1" errors="0" failures="0" not-run="0" inconclusive="0" ignored="0" skipped="0" invalid="0" date="2015-03-26" time="11:24:28">
  <environment nunit-version="2.6.4.14350" clr-version="2.0.50727.5466" os-version="Microsoft Windows NT 6.1.7601 Service Pack 1" platform="Win32NT" cwd="C:\Windows\system32" machine-name="WITTSPC" user="Witt" user-domain="WittsPc" />
  <culture-info current-culture="da-DK" current-uiculture="da-DK" />
  <test-suite type="Project" name="D:\IHA\4. Semester\I4PRJ4\Design og implementering\Implementering\ItemList\SmartFridge.Tests.Unit\SmartFridge.Tests.Unit.nunit" executed="True" result="Success" success="True" time="0.088" asserts="0">
    <results>
      <test-suite type="Assembly" name="D:\IHA\4. Semester\I4PRJ4\Design og implementering\Implementering\ItemList\SmartFridge.Tests.Unit\bin\Debug\SmartFridge.Tests.Unit.dll" executed="True" result="Success" success="True" time="0.076" asserts="0">
        <results>
          <test-suite type="Namespace" name="SmartFridge" executed="True" result="Success" success="True" time="0.075" asserts="0">
            <results>
              <test-suite type="Namespace" name="Tests" executed="True" result="Success" success="True" time="0.074" asserts="0">
                <results>
                  <test-suite type="Namespace" name="Unit" executed="True" result="Success" success="True" time="0.074" asserts="0">
                    <results>
                      <test-suite type="TestFixture" name="ItemListUnitTest" executed="True" result="Success" success="True" time="0.072" asserts="0">
                        <results>
                          <test-case name="SmartFridge.Tests.Unit.ItemListUnitTest.SomeTest" executed="True" result="Success" success="True" time="0.027" asserts="1" />
                        </results>
                      </test-suite>
                    </results>
                  </test-suite>
                </results>
              </test-suite>
            </results>
          </test-suite>
        </results>
      </test-suite>
    </results>
  </test-suite>
</test-results>